<?xml version="1.0" encoding="UTF-8"?>
<!-- Generated by org.testng.reporters.JUnitReportReporter -->
<testsuite hostname="DESKTOP-KQQB62G" failures="0" tests="7" name="TestStore.TestStore.AppTest" time="33.822" errors="0" timestamp="2025-07-13T16:35:29 AST" skipped="2">
  <testcase classname="TestStore.TestStore.AppTest" name="loginOrRegister" time="1.449"/>
  <testcase classname="TestStore.TestStore.AppTest" name="ReturningCustomer" time="0.593"/>
  <testcase classname="TestStore.TestStore.AppTest" name="AddRandomItems" time="7.054"/>
  <testcase classname="TestStore.TestStore.AppTest" name="RandomInternalItem" time="17.370"/>
  <testcase classname="TestStore.TestStore.AppTest" name="Checkout" time="7.356"/>
  <testcase classname="TestStore.TestStore.AppTest" name="creatUser">
    <skipped/>
  </testcase> <!-- creatUser -->
  <testcase classname="TestStore.TestStore.AppTest" name="randomRemoveItem">
    <skipped/>
  </testcase> <!-- randomRemoveItem -->
</testsuite> <!-- TestStore.TestStore.AppTest -->
